[2026-02-18T14:29:22.942+0000] {taskinstance.py:1159} INFO - Dependencies all met for dep_context=non-requeueable deps ti=<TaskInstance: questdb_dbt_refresh.dbt_run manual__2026-02-18T14:24:20.209767+00:00 [queued]>
[2026-02-18T14:29:22.949+0000] {taskinstance.py:1159} INFO - Dependencies all met for dep_context=requeueable deps ti=<TaskInstance: questdb_dbt_refresh.dbt_run manual__2026-02-18T14:24:20.209767+00:00 [queued]>
[2026-02-18T14:29:22.950+0000] {taskinstance.py:1361} INFO - Starting attempt 2 of 2
[2026-02-18T14:29:22.958+0000] {taskinstance.py:1382} INFO - Executing <Task(BashOperator): dbt_run> on 2026-02-18 14:24:20.209767+00:00
[2026-02-18T14:29:22.964+0000] {standard_task_runner.py:57} INFO - Started process 268 to run task
[2026-02-18T14:29:22.971+0000] {standard_task_runner.py:84} INFO - Running: ['***', 'tasks', 'run', 'questdb_dbt_refresh', 'dbt_run', 'manual__2026-02-18T14:24:20.209767+00:00', '--job-id', '41', '--raw', '--subdir', 'DAGS_FOLDER/dbt_run_dag.py', '--cfg-path', '/tmp/tmp574f05a9']
[2026-02-18T14:29:22.983+0000] {standard_task_runner.py:85} INFO - Job 41: Subtask dbt_run
[2026-02-18T14:29:23.066+0000] {task_command.py:415} INFO - Running <TaskInstance: questdb_dbt_refresh.dbt_run manual__2026-02-18T14:24:20.209767+00:00 [running]> on host 82848edf47a4
[2026-02-18T14:29:23.169+0000] {taskinstance.py:1660} INFO - Exporting env vars: AIRFLOW_CTX_DAG_OWNER='***' AIRFLOW_CTX_DAG_ID='questdb_dbt_refresh' AIRFLOW_CTX_TASK_ID='dbt_run' AIRFLOW_CTX_EXECUTION_DATE='2026-02-18T14:24:20.209767+00:00' AIRFLOW_CTX_TRY_NUMBER='2' AIRFLOW_CTX_DAG_RUN_ID='manual__2026-02-18T14:24:20.209767+00:00'
[2026-02-18T14:29:23.171+0000] {subprocess.py:63} INFO - Tmp dir root location: /tmp
[2026-02-18T14:29:23.171+0000] {subprocess.py:75} INFO - Running command: ['/bin/bash', '-c', 'cd /opt/***/dags/../analytics && dbt run --profiles-dir .']
[2026-02-18T14:29:23.180+0000] {subprocess.py:86} INFO - Output:
[2026-02-18T14:29:23.189+0000] {subprocess.py:93} INFO - /bin/bash: line 1: dbt: command not found
[2026-02-18T14:29:23.190+0000] {subprocess.py:97} INFO - Command exited with return code 127
[2026-02-18T14:29:23.204+0000] {taskinstance.py:1943} ERROR - Task failed with exception
Traceback (most recent call last):
  File "/home/airflow/.local/lib/python3.8/site-packages/airflow/operators/bash.py", line 210, in execute
    raise AirflowException(
airflow.exceptions.AirflowException: Bash command failed. The command returned a non-zero exit code 127.
[2026-02-18T14:29:23.206+0000] {taskinstance.py:1400} INFO - Marking task as FAILED. dag_id=questdb_dbt_refresh, task_id=dbt_run, execution_date=20260218T142420, start_date=20260218T142922, end_date=20260218T142923
[2026-02-18T14:29:23.217+0000] {standard_task_runner.py:104} ERROR - Failed to execute job 41 for task dbt_run (Bash command failed. The command returned a non-zero exit code 127.; 268)
[2026-02-18T14:29:23.231+0000] {local_task_job_runner.py:228} INFO - Task exited with return code 1
[2026-02-18T14:29:23.257+0000] {taskinstance.py:2784} INFO - 0 downstream tasks scheduled from follow-on schedule check
