[2026-02-18T16:57:27.028+0000] {taskinstance.py:1159} INFO - Dependencies all met for dep_context=non-requeueable deps ti=<TaskInstance: questdb_dbt_refresh.dbt_run manual__2026-02-18T16:52:19.006412+00:00 [queued]>
[2026-02-18T16:57:27.034+0000] {taskinstance.py:1159} INFO - Dependencies all met for dep_context=requeueable deps ti=<TaskInstance: questdb_dbt_refresh.dbt_run manual__2026-02-18T16:52:19.006412+00:00 [queued]>
[2026-02-18T16:57:27.035+0000] {taskinstance.py:1361} INFO - Starting attempt 2 of 2
[2026-02-18T16:57:27.044+0000] {taskinstance.py:1382} INFO - Executing <Task(BashOperator): dbt_run> on 2026-02-18 16:52:19.006412+00:00
[2026-02-18T16:57:27.051+0000] {standard_task_runner.py:57} INFO - Started process 434 to run task
[2026-02-18T16:57:27.059+0000] {standard_task_runner.py:84} INFO - Running: ['***', 'tasks', 'run', 'questdb_dbt_refresh', 'dbt_run', 'manual__2026-02-18T16:52:19.006412+00:00', '--job-id', '56', '--raw', '--subdir', 'DAGS_FOLDER/dbt_run_dag.py', '--cfg-path', '/tmp/tmpjxa0f01v']
[2026-02-18T16:57:27.065+0000] {standard_task_runner.py:85} INFO - Job 56: Subtask dbt_run
[2026-02-18T16:57:27.192+0000] {task_command.py:415} INFO - Running <TaskInstance: questdb_dbt_refresh.dbt_run manual__2026-02-18T16:52:19.006412+00:00 [running]> on host 5c49ecfb7225
[2026-02-18T16:57:27.345+0000] {taskinstance.py:1660} INFO - Exporting env vars: AIRFLOW_CTX_DAG_OWNER='***' AIRFLOW_CTX_DAG_ID='questdb_dbt_refresh' AIRFLOW_CTX_TASK_ID='dbt_run' AIRFLOW_CTX_EXECUTION_DATE='2026-02-18T16:52:19.006412+00:00' AIRFLOW_CTX_TRY_NUMBER='2' AIRFLOW_CTX_DAG_RUN_ID='manual__2026-02-18T16:52:19.006412+00:00'
[2026-02-18T16:57:27.347+0000] {subprocess.py:63} INFO - Tmp dir root location: /tmp
[2026-02-18T16:57:27.349+0000] {subprocess.py:75} INFO - Running command: ['/bin/bash', '-c', 'cd /opt/***/analytics && /home/***/.local/bin/dbt run --profiles-dir .']
[2026-02-18T16:57:27.385+0000] {subprocess.py:86} INFO - Output:
[2026-02-18T16:57:28.897+0000] {subprocess.py:93} INFO - [0m16:57:28  Running with dbt=1.9.0-b2
[2026-02-18T16:57:29.216+0000] {subprocess.py:93} INFO - [0m16:57:29  Registered adapter: postgres=1.8.2
[2026-02-18T16:57:29.434+0000] {subprocess.py:93} INFO - [0m16:57:29  Unable to do partial parsing because profile has changed
[2026-02-18T16:57:31.072+0000] {subprocess.py:93} INFO - [0m16:57:31  [[33mWARNING[0m]: Configuration paths exist in your dbt_project.yml file which do not apply to any resources.
[2026-02-18T16:57:31.076+0000] {subprocess.py:93} INFO - There are 1 unused configuration paths:
[2026-02-18T16:57:31.076+0000] {subprocess.py:93} INFO - - models.analytics.example
[2026-02-18T16:57:31.258+0000] {subprocess.py:93} INFO - [0m16:57:31  Found 1 model, 1 source, 423 macros
[2026-02-18T16:57:31.263+0000] {subprocess.py:93} INFO - [0m16:57:31
[2026-02-18T16:57:31.265+0000] {subprocess.py:93} INFO - [0m16:57:31  Concurrency: 1 threads (target='dev')
[2026-02-18T16:57:31.267+0000] {subprocess.py:93} INFO - [0m16:57:31
[2026-02-18T16:57:32.183+0000] {subprocess.py:93} INFO - [0m16:57:32
[2026-02-18T16:57:32.190+0000] {subprocess.py:93} INFO - [0m16:57:32  Finished running  in 0 hours 0 minutes and 0.91 seconds (0.91s).
[2026-02-18T16:57:32.192+0000] {subprocess.py:93} INFO - [0m16:57:32  Encountered an error:
[2026-02-18T16:57:32.193+0000] {subprocess.py:93} INFO - Database Error
[2026-02-18T16:57:32.194+0000] {subprocess.py:93} INFO -   table does not exist [table=pg_tables]
[2026-02-18T16:57:32.195+0000] {subprocess.py:93} INFO -   LINE 7:     from pg_tables
[2026-02-18T16:57:32.196+0000] {subprocess.py:93} INFO -                    ^
[2026-02-18T16:57:34.473+0000] {subprocess.py:97} INFO - Command exited with return code 2
[2026-02-18T16:57:34.582+0000] {taskinstance.py:1943} ERROR - Task failed with exception
Traceback (most recent call last):
  File "/home/airflow/.local/lib/python3.8/site-packages/airflow/operators/bash.py", line 210, in execute
    raise AirflowException(
airflow.exceptions.AirflowException: Bash command failed. The command returned a non-zero exit code 2.
[2026-02-18T16:57:34.598+0000] {taskinstance.py:1400} INFO - Marking task as FAILED. dag_id=questdb_dbt_refresh, task_id=dbt_run, execution_date=20260218T165219, start_date=20260218T165727, end_date=20260218T165734
[2026-02-18T16:57:34.643+0000] {standard_task_runner.py:104} ERROR - Failed to execute job 56 for task dbt_run (Bash command failed. The command returned a non-zero exit code 2.; 434)
[2026-02-18T16:57:34.690+0000] {local_task_job_runner.py:228} INFO - Task exited with return code 1
[2026-02-18T16:57:34.747+0000] {taskinstance.py:2784} INFO - 0 downstream tasks scheduled from follow-on schedule check
