[2026-02-18T16:16:45.835+0000] {taskinstance.py:1159} INFO - Dependencies all met for dep_context=non-requeueable deps ti=<TaskInstance: questdb_dbt_refresh.dbt_run manual__2026-02-18T16:16:44.248047+00:00 [queued]>
[2026-02-18T16:16:45.844+0000] {taskinstance.py:1159} INFO - Dependencies all met for dep_context=requeueable deps ti=<TaskInstance: questdb_dbt_refresh.dbt_run manual__2026-02-18T16:16:44.248047+00:00 [queued]>
[2026-02-18T16:16:45.845+0000] {taskinstance.py:1361} INFO - Starting attempt 1 of 2
[2026-02-18T16:16:45.860+0000] {taskinstance.py:1382} INFO - Executing <Task(BashOperator): dbt_run> on 2026-02-18 16:16:44.248047+00:00
[2026-02-18T16:16:45.869+0000] {standard_task_runner.py:57} INFO - Started process 191 to run task
[2026-02-18T16:16:45.875+0000] {standard_task_runner.py:84} INFO - Running: ['***', 'tasks', 'run', 'questdb_dbt_refresh', 'dbt_run', 'manual__2026-02-18T16:16:44.248047+00:00', '--job-id', '48', '--raw', '--subdir', 'DAGS_FOLDER/dbt_run_dag.py', '--cfg-path', '/tmp/tmprr4vd_oa']
[2026-02-18T16:16:45.878+0000] {standard_task_runner.py:85} INFO - Job 48: Subtask dbt_run
[2026-02-18T16:16:45.971+0000] {task_command.py:415} INFO - Running <TaskInstance: questdb_dbt_refresh.dbt_run manual__2026-02-18T16:16:44.248047+00:00 [running]> on host 9d876466c82f
[2026-02-18T16:16:46.086+0000] {taskinstance.py:1660} INFO - Exporting env vars: AIRFLOW_CTX_DAG_OWNER='***' AIRFLOW_CTX_DAG_ID='questdb_dbt_refresh' AIRFLOW_CTX_TASK_ID='dbt_run' AIRFLOW_CTX_EXECUTION_DATE='2026-02-18T16:16:44.248047+00:00' AIRFLOW_CTX_TRY_NUMBER='1' AIRFLOW_CTX_DAG_RUN_ID='manual__2026-02-18T16:16:44.248047+00:00'
[2026-02-18T16:16:46.088+0000] {subprocess.py:63} INFO - Tmp dir root location: /tmp
[2026-02-18T16:16:46.091+0000] {subprocess.py:75} INFO - Running command: ['/bin/bash', '-c', 'cd /opt/***/dags/../analytics && dbt run --profiles-dir .']
[2026-02-18T16:16:46.097+0000] {subprocess.py:86} INFO - Output:
[2026-02-18T16:16:46.100+0000] {subprocess.py:93} INFO - /bin/bash: line 1: dbt: command not found
[2026-02-18T16:16:46.101+0000] {subprocess.py:97} INFO - Command exited with return code 127
[2026-02-18T16:16:46.121+0000] {taskinstance.py:1943} ERROR - Task failed with exception
Traceback (most recent call last):
  File "/home/airflow/.local/lib/python3.8/site-packages/airflow/operators/bash.py", line 210, in execute
    raise AirflowException(
airflow.exceptions.AirflowException: Bash command failed. The command returned a non-zero exit code 127.
[2026-02-18T16:16:46.126+0000] {taskinstance.py:1400} INFO - Marking task as UP_FOR_RETRY. dag_id=questdb_dbt_refresh, task_id=dbt_run, execution_date=20260218T161644, start_date=20260218T161645, end_date=20260218T161646
[2026-02-18T16:16:46.141+0000] {standard_task_runner.py:104} ERROR - Failed to execute job 48 for task dbt_run (Bash command failed. The command returned a non-zero exit code 127.; 191)
[2026-02-18T16:16:46.146+0000] {local_task_job_runner.py:228} INFO - Task exited with return code 1
[2026-02-18T16:16:46.167+0000] {taskinstance.py:2784} INFO - 0 downstream tasks scheduled from follow-on schedule check
