[2026-02-18T16:25:11.245+0000] {taskinstance.py:1159} INFO - Dependencies all met for dep_context=non-requeueable deps ti=<TaskInstance: questdb_dbt_refresh.dbt_run manual__2026-02-18T16:25:08.630644+00:00 [queued]>
[2026-02-18T16:25:11.253+0000] {taskinstance.py:1159} INFO - Dependencies all met for dep_context=requeueable deps ti=<TaskInstance: questdb_dbt_refresh.dbt_run manual__2026-02-18T16:25:08.630644+00:00 [queued]>
[2026-02-18T16:25:11.254+0000] {taskinstance.py:1361} INFO - Starting attempt 1 of 2
[2026-02-18T16:25:11.265+0000] {taskinstance.py:1382} INFO - Executing <Task(BashOperator): dbt_run> on 2026-02-18 16:25:08.630644+00:00
[2026-02-18T16:25:11.280+0000] {standard_task_runner.py:57} INFO - Started process 173 to run task
[2026-02-18T16:25:11.284+0000] {standard_task_runner.py:84} INFO - Running: ['***', 'tasks', 'run', 'questdb_dbt_refresh', 'dbt_run', 'manual__2026-02-18T16:25:08.630644+00:00', '--job-id', '54', '--raw', '--subdir', 'DAGS_FOLDER/dbt_run_dag.py', '--cfg-path', '/tmp/tmp64n3kngs']
[2026-02-18T16:25:11.288+0000] {standard_task_runner.py:85} INFO - Job 54: Subtask dbt_run
[2026-02-18T16:25:11.370+0000] {task_command.py:415} INFO - Running <TaskInstance: questdb_dbt_refresh.dbt_run manual__2026-02-18T16:25:08.630644+00:00 [running]> on host 5c49ecfb7225
[2026-02-18T16:25:11.490+0000] {taskinstance.py:1660} INFO - Exporting env vars: AIRFLOW_CTX_DAG_OWNER='***' AIRFLOW_CTX_DAG_ID='questdb_dbt_refresh' AIRFLOW_CTX_TASK_ID='dbt_run' AIRFLOW_CTX_EXECUTION_DATE='2026-02-18T16:25:08.630644+00:00' AIRFLOW_CTX_TRY_NUMBER='1' AIRFLOW_CTX_DAG_RUN_ID='manual__2026-02-18T16:25:08.630644+00:00'
[2026-02-18T16:25:11.493+0000] {subprocess.py:63} INFO - Tmp dir root location: /tmp
[2026-02-18T16:25:11.494+0000] {subprocess.py:75} INFO - Running command: ['/bin/bash', '-c', 'cd /opt/***/analytics && /home/***/.local/bin/dbt run --profiles-dir .']
[2026-02-18T16:25:11.507+0000] {subprocess.py:86} INFO - Output:
[2026-02-18T16:25:12.880+0000] {subprocess.py:93} INFO - [0m16:25:12  Running with dbt=1.9.0-b2
[2026-02-18T16:25:13.117+0000] {subprocess.py:93} INFO - [0m16:25:13  Registered adapter: postgres=1.8.2
[2026-02-18T16:25:13.137+0000] {subprocess.py:93} INFO - [0m16:25:13  Unable to do partial parsing because saved manifest not found. Starting full parse.
[2026-02-18T16:25:13.712+0000] {subprocess.py:93} INFO - [0m16:25:13  [[33mWARNING[0m]: Configuration paths exist in your dbt_project.yml file which do not apply to any resources.
[2026-02-18T16:25:13.712+0000] {subprocess.py:93} INFO - There are 1 unused configuration paths:
[2026-02-18T16:25:13.713+0000] {subprocess.py:93} INFO - - models.analytics
[2026-02-18T16:25:13.873+0000] {subprocess.py:93} INFO - [0m16:25:13  Found 1 source, 423 macros
[2026-02-18T16:25:13.876+0000] {subprocess.py:93} INFO - [0m16:25:13  Nothing to do. Try checking your model configs and model specification args
[2026-02-18T16:25:14.302+0000] {subprocess.py:97} INFO - Command exited with return code 0
[2026-02-18T16:25:14.378+0000] {taskinstance.py:1400} INFO - Marking task as SUCCESS. dag_id=questdb_dbt_refresh, task_id=dbt_run, execution_date=20260218T162508, start_date=20260218T162511, end_date=20260218T162514
[2026-02-18T16:25:14.419+0000] {local_task_job_runner.py:228} INFO - Task exited with return code 0
[2026-02-18T16:25:14.464+0000] {taskinstance.py:2784} INFO - 0 downstream tasks scheduled from follow-on schedule check
