[2026-02-18T16:21:03.306+0000] {taskinstance.py:1159} INFO - Dependencies all met for dep_context=non-requeueable deps ti=<TaskInstance: questdb_dbt_refresh.dbt_run scheduled__2026-02-18T15:15:58.361741+00:00 [queued]>
[2026-02-18T16:21:03.317+0000] {taskinstance.py:1159} INFO - Dependencies all met for dep_context=requeueable deps ti=<TaskInstance: questdb_dbt_refresh.dbt_run scheduled__2026-02-18T15:15:58.361741+00:00 [queued]>
[2026-02-18T16:21:03.318+0000] {taskinstance.py:1361} INFO - Starting attempt 2 of 2
[2026-02-18T16:21:03.330+0000] {taskinstance.py:1382} INFO - Executing <Task(BashOperator): dbt_run> on 2026-02-18 15:15:58.361741+00:00
[2026-02-18T16:21:03.354+0000] {standard_task_runner.py:57} INFO - Started process 172 to run task
[2026-02-18T16:21:03.367+0000] {standard_task_runner.py:84} INFO - Running: ['***', 'tasks', 'run', 'questdb_dbt_refresh', 'dbt_run', 'scheduled__2026-02-18T15:15:58.361741+00:00', '--job-id', '51', '--raw', '--subdir', 'DAGS_FOLDER/dbt_run_dag.py', '--cfg-path', '/tmp/tmpmuyc9zio']
[2026-02-18T16:21:03.390+0000] {standard_task_runner.py:85} INFO - Job 51: Subtask dbt_run
[2026-02-18T16:21:03.530+0000] {task_command.py:415} INFO - Running <TaskInstance: questdb_dbt_refresh.dbt_run scheduled__2026-02-18T15:15:58.361741+00:00 [running]> on host 01ce4476f157
[2026-02-18T16:21:03.845+0000] {taskinstance.py:1660} INFO - Exporting env vars: AIRFLOW_CTX_DAG_OWNER='***' AIRFLOW_CTX_DAG_ID='questdb_dbt_refresh' AIRFLOW_CTX_TASK_ID='dbt_run' AIRFLOW_CTX_EXECUTION_DATE='2026-02-18T15:15:58.361741+00:00' AIRFLOW_CTX_TRY_NUMBER='2' AIRFLOW_CTX_DAG_RUN_ID='scheduled__2026-02-18T15:15:58.361741+00:00'
[2026-02-18T16:21:03.847+0000] {subprocess.py:63} INFO - Tmp dir root location: /tmp
[2026-02-18T16:21:03.848+0000] {subprocess.py:75} INFO - Running command: ['/bin/bash', '-c', 'cd /opt/***/analytics && /home/***/.local/bin/dbt run --profiles-dir .']
[2026-02-18T16:21:03.863+0000] {subprocess.py:86} INFO - Output:
[2026-02-18T16:21:03.887+0000] {subprocess.py:93} INFO - /bin/bash: line 1: /home/***/.local/bin/dbt: No such file or directory
[2026-02-18T16:21:03.889+0000] {subprocess.py:97} INFO - Command exited with return code 127
[2026-02-18T16:21:03.912+0000] {taskinstance.py:1943} ERROR - Task failed with exception
Traceback (most recent call last):
  File "/home/airflow/.local/lib/python3.8/site-packages/airflow/operators/bash.py", line 210, in execute
    raise AirflowException(
airflow.exceptions.AirflowException: Bash command failed. The command returned a non-zero exit code 127.
[2026-02-18T16:21:03.917+0000] {taskinstance.py:1400} INFO - Marking task as FAILED. dag_id=questdb_dbt_refresh, task_id=dbt_run, execution_date=20260218T151558, start_date=20260218T162103, end_date=20260218T162103
[2026-02-18T16:21:03.951+0000] {standard_task_runner.py:104} ERROR - Failed to execute job 51 for task dbt_run (Bash command failed. The command returned a non-zero exit code 127.; 172)
[2026-02-18T16:21:03.990+0000] {local_task_job_runner.py:228} INFO - Task exited with return code 1
[2026-02-18T16:21:04.026+0000] {taskinstance.py:2784} INFO - 0 downstream tasks scheduled from follow-on schedule check
