[2026-02-18T14:21:25.084+0000] {taskinstance.py:1159} INFO - Dependencies all met for dep_context=non-requeueable deps ti=<TaskInstance: questdb_dbt_refresh.dbt_run manual__2026-02-18T14:16:16.922201+00:00 [queued]>
[2026-02-18T14:21:25.091+0000] {taskinstance.py:1159} INFO - Dependencies all met for dep_context=requeueable deps ti=<TaskInstance: questdb_dbt_refresh.dbt_run manual__2026-02-18T14:16:16.922201+00:00 [queued]>
[2026-02-18T14:21:25.092+0000] {taskinstance.py:1361} INFO - Starting attempt 2 of 2
[2026-02-18T14:21:25.101+0000] {taskinstance.py:1382} INFO - Executing <Task(BashOperator): dbt_run> on 2026-02-18 14:16:16.922201+00:00
[2026-02-18T14:21:25.116+0000] {standard_task_runner.py:57} INFO - Started process 177 to run task
[2026-02-18T14:21:25.122+0000] {standard_task_runner.py:84} INFO - Running: ['***', 'tasks', 'run', 'questdb_dbt_refresh', 'dbt_run', 'manual__2026-02-18T14:16:16.922201+00:00', '--job-id', '37', '--raw', '--subdir', 'DAGS_FOLDER/dbt_run_dag.py', '--cfg-path', '/tmp/tmpdh171iec']
[2026-02-18T14:21:25.130+0000] {standard_task_runner.py:85} INFO - Job 37: Subtask dbt_run
[2026-02-18T14:21:25.214+0000] {task_command.py:415} INFO - Running <TaskInstance: questdb_dbt_refresh.dbt_run manual__2026-02-18T14:16:16.922201+00:00 [running]> on host 82848edf47a4
[2026-02-18T14:21:25.390+0000] {taskinstance.py:1660} INFO - Exporting env vars: AIRFLOW_CTX_DAG_OWNER='***' AIRFLOW_CTX_DAG_ID='questdb_dbt_refresh' AIRFLOW_CTX_TASK_ID='dbt_run' AIRFLOW_CTX_EXECUTION_DATE='2026-02-18T14:16:16.922201+00:00' AIRFLOW_CTX_TRY_NUMBER='2' AIRFLOW_CTX_DAG_RUN_ID='manual__2026-02-18T14:16:16.922201+00:00'
[2026-02-18T14:21:25.392+0000] {subprocess.py:63} INFO - Tmp dir root location: /tmp
[2026-02-18T14:21:25.392+0000] {subprocess.py:75} INFO - Running command: ['/bin/bash', '-c', 'cd /opt/***/dags/../analytics && dbt run --profiles-dir .']
[2026-02-18T14:21:25.412+0000] {subprocess.py:86} INFO - Output:
[2026-02-18T14:21:25.426+0000] {subprocess.py:93} INFO - /bin/bash: line 1: dbt: command not found
[2026-02-18T14:21:25.428+0000] {subprocess.py:97} INFO - Command exited with return code 127
[2026-02-18T14:21:25.452+0000] {taskinstance.py:1943} ERROR - Task failed with exception
Traceback (most recent call last):
  File "/home/airflow/.local/lib/python3.8/site-packages/airflow/operators/bash.py", line 210, in execute
    raise AirflowException(
airflow.exceptions.AirflowException: Bash command failed. The command returned a non-zero exit code 127.
[2026-02-18T14:21:25.460+0000] {taskinstance.py:1400} INFO - Marking task as FAILED. dag_id=questdb_dbt_refresh, task_id=dbt_run, execution_date=20260218T141616, start_date=20260218T142125, end_date=20260218T142125
[2026-02-18T14:21:25.478+0000] {standard_task_runner.py:104} ERROR - Failed to execute job 37 for task dbt_run (Bash command failed. The command returned a non-zero exit code 127.; 177)
[2026-02-18T14:21:25.506+0000] {local_task_job_runner.py:228} INFO - Task exited with return code 1
[2026-02-18T14:21:25.534+0000] {taskinstance.py:2784} INFO - 0 downstream tasks scheduled from follow-on schedule check
