[2026-02-18T14:18:37.101+0000] {taskinstance.py:1159} INFO - Dependencies all met for dep_context=non-requeueable deps ti=<TaskInstance: questdb_dbt_refresh.dbt_run manual__2026-02-18T14:18:35.618969+00:00 [queued]>
[2026-02-18T14:18:37.110+0000] {taskinstance.py:1159} INFO - Dependencies all met for dep_context=requeueable deps ti=<TaskInstance: questdb_dbt_refresh.dbt_run manual__2026-02-18T14:18:35.618969+00:00 [queued]>
[2026-02-18T14:18:37.111+0000] {taskinstance.py:1361} INFO - Starting attempt 1 of 2
[2026-02-18T14:18:37.120+0000] {taskinstance.py:1382} INFO - Executing <Task(BashOperator): dbt_run> on 2026-02-18 14:18:35.618969+00:00
[2026-02-18T14:18:37.125+0000] {standard_task_runner.py:57} INFO - Started process 256 to run task
[2026-02-18T14:18:37.130+0000] {standard_task_runner.py:84} INFO - Running: ['***', 'tasks', 'run', 'questdb_dbt_refresh', 'dbt_run', 'manual__2026-02-18T14:18:35.618969+00:00', '--job-id', '5', '--raw', '--subdir', 'DAGS_FOLDER/dbt_run_dag.py', '--cfg-path', '/tmp/tmpsq989a29']
[2026-02-18T14:18:37.132+0000] {standard_task_runner.py:85} INFO - Job 5: Subtask dbt_run
[2026-02-18T14:18:37.191+0000] {task_command.py:415} INFO - Running <TaskInstance: questdb_dbt_refresh.dbt_run manual__2026-02-18T14:18:35.618969+00:00 [running]> on host 1fb18a150b3b
[2026-02-18T14:18:37.291+0000] {taskinstance.py:1660} INFO - Exporting env vars: AIRFLOW_CTX_DAG_OWNER='***' AIRFLOW_CTX_DAG_ID='questdb_dbt_refresh' AIRFLOW_CTX_TASK_ID='dbt_run' AIRFLOW_CTX_EXECUTION_DATE='2026-02-18T14:18:35.618969+00:00' AIRFLOW_CTX_TRY_NUMBER='1' AIRFLOW_CTX_DAG_RUN_ID='manual__2026-02-18T14:18:35.618969+00:00'
[2026-02-18T14:18:37.295+0000] {subprocess.py:63} INFO - Tmp dir root location: /tmp
[2026-02-18T14:18:37.296+0000] {subprocess.py:75} INFO - Running command: ['/bin/bash', '-c', 'cd /opt/***/dags/../analytics && dbt run --profiles-dir .']
[2026-02-18T14:18:37.305+0000] {subprocess.py:86} INFO - Output:
[2026-02-18T14:18:37.309+0000] {subprocess.py:93} INFO - /bin/bash: line 1: cd: /opt/***/dags/../analytics: No such file or directory
[2026-02-18T14:18:37.310+0000] {subprocess.py:97} INFO - Command exited with return code 1
[2026-02-18T14:18:37.330+0000] {taskinstance.py:1943} ERROR - Task failed with exception
Traceback (most recent call last):
  File "/home/airflow/.local/lib/python3.8/site-packages/airflow/operators/bash.py", line 210, in execute
    raise AirflowException(
airflow.exceptions.AirflowException: Bash command failed. The command returned a non-zero exit code 1.
[2026-02-18T14:18:37.332+0000] {taskinstance.py:1400} INFO - Marking task as UP_FOR_RETRY. dag_id=questdb_dbt_refresh, task_id=dbt_run, execution_date=20260218T141835, start_date=20260218T141837, end_date=20260218T141837
[2026-02-18T14:18:37.344+0000] {standard_task_runner.py:104} ERROR - Failed to execute job 5 for task dbt_run (Bash command failed. The command returned a non-zero exit code 1.; 256)
[2026-02-18T14:18:37.352+0000] {local_task_job_runner.py:228} INFO - Task exited with return code 1
[2026-02-18T14:18:37.377+0000] {taskinstance.py:2784} INFO - 0 downstream tasks scheduled from follow-on schedule check
